#
# There is insufficient memory for the Java Runtime Environment to continue.
# Native memory allocation (malloc) failed to allocate 1013056 bytes for Chunk::new
# Possible reasons:
#   The system is out of physical RAM or swap space
#   The process is running with CompressedOops enabled, and the Java Heap may be blocking the growth of the native heap
# Possible solutions:
#   Reduce memory load on the system
#   Increase physical memory or swap space
#   Check if swap backing store is full
#   Decrease Java heap size (-Xmx/-Xms)
#   Decrease number of Java threads
#   Decrease Java thread stack sizes (-Xss)
#   Set larger code cache with -XX:ReservedCodeCacheSize=
#   JVM is running with Unscaled Compressed Oops mode in which the Java heap is
#     placed in the first 4GB address space. The Java Heap base address is the
#     maximum limit for the native heap growth. Please use -XX:HeapBaseMinAddress
#     to set the Java Heap base and to place the Java Heap above 4GB virtual address.
# This output file may be truncated or incomplete.
#
#  Out of Memory Error (arena.cpp:189), pid=10404, tid=18260
#
# JRE version: OpenJDK Runtime Environment (17.0.6) (build 17.0.6+0-b2043.56-10027231)
# Java VM: OpenJDK 64-Bit Server VM (17.0.6+0-b2043.56-10027231, mixed mode, tiered, compressed oops, compressed class ptrs, g1 gc, windows-amd64)
# No core dump will be written. Minidumps are not enabled by default on client versions of Windows
#

---------------  S U M M A R Y ------------

Command Line: org.jetbrains.kotlin.cli.jvm.K2JVMCompiler @D:\Games\Android\AndroidStudioProjects\OOP_61\app\build\20240410_14634206243556446198.compiler.options

Host: AMD Ryzen 5 5500U with Radeon Graphics         , 12 cores, 7G,  Windows 10 , 64 bit Build 19041 (10.0.19041.3636)
Time: Wed Apr 10 19:26:35 2024  Windows 10 , 64 bit Build 19041 (10.0.19041.3636) elapsed time: 3.730370 seconds (0d 0h 0m 3s)

---------------  T H R E A D  ---------------

Current thread (0x000002539e1b04a0):  JavaThread "C2 CompilerThread1" daemon [_thread_in_native, id=18260, stack(0x0000006779e00000,0x0000006779f00000)]


Current CompileTask:
C2:   3730 5189       4       jdk.internal.loader.BuiltinClassLoader::defineClass (121 bytes)

Stack: [0x0000006779e00000,0x0000006779f00000]
Native frames: (J=compiled Java code, j=interpreted, Vv=VM code, C=native code)
V  [jvm.dll+0x683c9a]
V  [jvm.dll+0x8427a4]
V  [jvm.dll+0x843f9e]
V  [jvm.dll+0x844603]
V  [jvm.dll+0x249b75]
V  [jvm.dll+0xabcac]
V  [jvm.dll+0xac27c]
V  [jvm.dll+0x2b0eef]
V  [jvm.dll+0x58a267]
V  [jvm.dll+0x2243b2]
V  [jvm.dll+0x22478f]
V  [jvm.dll+0x21e055]
V  [jvm.dll+0x21b51b]
V  [jvm.dll+0x1a4fdd]
V  [jvm.dll+0x22b098]
V  [jvm.dll+0x229159]
V  [jvm.dll+0x7f81ec]
V  [jvm.dll+0x7f274a]
V  [jvm.dll+0x682ad5]
C  [ucrtbase.dll+0x21bb2]
C  [KERNEL32.DLL+0x17344]
C  [ntdll.dll+0x526b1]


---------------  P R O C E S S  ---------------

Threads class SMR info:
_java_thread_list=0x000002539d512ab0, length=13, elements={
0x000002538389be00, 0x000002539e013260, 0x000002539d5375d0, 0x000002539d5544a0,
0x000002539d554e50, 0x000002539d555800, 0x000002539d550c80, 0x000002539d551870,
0x000002539e02d000, 0x000002539e02f910, 0x000002539e1a4a60, 0x000002539e1a9ae0,
0x000002539e1b04a0
}

Java Threads: ( => current thread )
  0x000002538389be00 JavaThread "main" [_thread_in_vm, id=14756, stack(0x0000006778b00000,0x0000006778c00000)]
  0x000002539e013260 JavaThread "Reference Handler" daemon [_thread_blocked, id=2020, stack(0x0000006779200000,0x0000006779300000)]
  0x000002539d5375d0 JavaThread "Finalizer" daemon [_thread_blocked, id=7212, stack(0x0000006779300000,0x0000006779400000)]
  0x000002539d5544a0 JavaThread "Signal Dispatcher" daemon [_thread_blocked, id=2696, stack(0x0000006779400000,0x0000006779500000)]
  0x000002539d554e50 JavaThread "Attach Listener" daemon [_thread_blocked, id=11156, stack(0x0000006779500000,0x0000006779600000)]
  0x000002539d555800 JavaThread "Service Thread" daemon [_thread_blocked, id=7228, stack(0x0000006779600000,0x0000006779700000)]
  0x000002539d550c80 JavaThread "Monitor Deflation Thread" daemon [_thread_blocked, id=18116, stack(0x0000006779700000,0x0000006779800000)]
  0x000002539d551870 JavaThread "C2 CompilerThread0" daemon [_thread_in_native, id=18240, stack(0x0000006779800000,0x0000006779900000)]
  0x000002539e02d000 JavaThread "C1 CompilerThread0" daemon [_thread_blocked, id=10960, stack(0x0000006779900000,0x0000006779a00000)]
  0x000002539e02f910 JavaThread "Sweeper thread" daemon [_thread_blocked, id=16208, stack(0x0000006779a00000,0x0000006779b00000)]
  0x000002539e1a4a60 JavaThread "Notification Thread" daemon [_thread_blocked, id=8876, stack(0x0000006779b00000,0x0000006779c00000)]
  0x000002539e1a9ae0 JavaThread "Common-Cleaner" daemon [_thread_blocked, id=3408, stack(0x0000006779d00000,0x0000006779e00000)]
=>0x000002539e1b04a0 JavaThread "C2 CompilerThread1" daemon [_thread_in_native, id=18260, stack(0x0000006779e00000,0x0000006779f00000)]

Other Threads:
  0x000002539d531be0 VMThread "VM Thread" [stack: 0x0000006779100000,0x0000006779200000] [id=16316]
  0x0000025383912330 WatcherThread [stack: 0x0000006779c00000,0x0000006779d00000] [id=356]
  0x00000253838f2f20 GCTaskThread "GC Thread#0" [stack: 0x0000006778c00000,0x0000006778d00000] [id=8072]
  0x000002539e7a4bb0 GCTaskThread "GC Thread#1" [stack: 0x0000006779f00000,0x000000677a000000] [id=15236]
  0x000002539e7cc030 GCTaskThread "GC Thread#2" [stack: 0x000000677a000000,0x000000677a100000] [id=3684]
  0x000002539e7cc2e0 GCTaskThread "GC Thread#3" [stack: 0x000000677a100000,0x000000677a200000] [id=15524]
  0x000002539e7ce9b0 GCTaskThread "GC Thread#4" [stack: 0x000000677a200000,0x000000677a300000] [id=18140]
  0x000002539f6a0660 GCTaskThread "GC Thread#5" [stack: 0x000000677a300000,0x000000677a400000] [id=16568]
  0x000002539f6a13d0 GCTaskThread "GC Thread#6" [stack: 0x000000677a400000,0x000000677a500000] [id=14688]
  0x000002539f6a0bc0 GCTaskThread "GC Thread#7" [stack: 0x000000677a500000,0x000000677a600000] [id=13352]
  0x000002539f69f8f0 GCTaskThread "GC Thread#8" [stack: 0x000000677a600000,0x000000677a700000] [id=14108]
  0x000002539f6a0100 GCTaskThread "GC Thread#9" [stack: 0x000000677a900000,0x000000677aa00000] [id=7484]
  0x00000253839039b0 ConcurrentGCThread "G1 Main Marker" [stack: 0x0000006778d00000,0x0000006778e00000] [id=17792]
  0x0000025383905b70 ConcurrentGCThread "G1 Conc#0" [stack: 0x0000006778e00000,0x0000006778f00000] [id=13556]
  0x000002539f6a0910 ConcurrentGCThread "G1 Conc#1" [stack: 0x000000677a700000,0x000000677a800000] [id=14628]
  0x000002539f69fba0 ConcurrentGCThread "G1 Conc#2" [stack: 0x000000677a800000,0x000000677a900000] [id=15500]
  0x000002539d3880e0 ConcurrentGCThread "G1 Refine#0" [stack: 0x0000006778f00000,0x0000006779000000] [id=12812]
  0x000002539d388b00 ConcurrentGCThread "G1 Service" [stack: 0x0000006779000000,0x0000006779100000] [id=15444]

Threads with active compile tasks:
C2 CompilerThread0     3741 4917       4       org.jetbrains.org.objectweb.asm.ClassReader::readMethod (1061 bytes)
C2 CompilerThread1     3741 5189       4       jdk.internal.loader.BuiltinClassLoader::defineClass (121 bytes)

VM state: not at safepoint (normal execution)

VM Mutex/Monitor currently owned by a thread:  ([mutex/lock_event])
[0x00000253838960d0] CodeCache_lock - owner thread: 0x000002538389be00
[0x00000253838977d0] Compile_lock - owner thread: 0x000002538389be00

Heap address: 0x000000008a600000, size: 1882 MB, Compressed Oops mode: 32-bit

CDS archive(s) not mapped
Compressed class space mapped at: 0x0000000100000000-0x0000000140000000, reserved size: 1073741824
Narrow klass base: 0x0000000000000000, Narrow klass shift: 3, Narrow klass range: 0x140000000

GC Precious Log:
 CPUs: 12 total, 12 available
 Memory: 7521M
 Large Page Support: Disabled
 NUMA Support: Disabled
 Compressed Oops: Enabled (32-bit)
 Heap Region Size: 1M
 Heap Min Capacity: 8M
 Heap Initial Capacity: 118M
 Heap Max Capacity: 1882M
 Pre-touch: Disabled
 Parallel Workers: 10
 Concurrent Workers: 3
 Concurrent Refinement Workers: 10
 Periodic GC: Disabled

Heap:
 garbage-first heap   total 76800K, used 40764K [0x000000008a600000, 0x0000000100000000)
  region size 1024K, 6 young (6144K), 3 survivors (3072K)
 Metaspace       used 53714K, committed 53952K, reserved 1097728K
  class space    used 6414K, committed 6528K, reserved 1048576K

Heap Regions: E=young(eden), S=young(survivor), O=old, HS=humongous(starts), HC=humongous(continues), CS=collection set, F=free, OA=open archive, CA=closed archive, TAMS=top-at-mark-start (previous, next)
|   0|0x000000008a600000, 0x000000008a700000, 0x000000008a700000|100%|HS|  |TAMS 0x000000008a700000, 0x000000008a600000| Complete 
|   1|0x000000008a700000, 0x000000008a800000, 0x000000008a800000|100%|HC|  |TAMS 0x000000008a800000, 0x000000008a700000| Complete 
|   2|0x000000008a800000, 0x000000008a900000, 0x000000008a900000|100%|HC|  |TAMS 0x000000008a900000, 0x000000008a800000| Complete 
|   3|0x000000008a900000, 0x000000008aa00000, 0x000000008aa00000|100%|HC|  |TAMS 0x000000008aa00000, 0x000000008a900000| Complete 
|   4|0x000000008aa00000, 0x000000008ab00000, 0x000000008ab00000|100%| O|  |TAMS 0x000000008ab00000, 0x000000008aa00000| Untracked 
|   5|0x000000008ab00000, 0x000000008ac00000, 0x000000008ac00000|100%| O|  |TAMS 0x000000008ac00000, 0x000000008ab00000| Untracked 
|   6|0x000000008ac00000, 0x000000008ad00000, 0x000000008ad00000|100%| O|  |TAMS 0x000000008ad00000, 0x000000008ac00000| Untracked 
|   7|0x000000008ad00000, 0x000000008ae00000, 0x000000008ae00000|100%| O|  |TAMS 0x000000008ae00000, 0x000000008ad00000| Untracked 
|   8|0x000000008ae00000, 0x000000008af00000, 0x000000008af00000|100%| O|  |TAMS 0x000000008af00000, 0x000000008ae00000| Untracked 
|   9|0x000000008af00000, 0x000000008b000000, 0x000000008b000000|100%| O|  |TAMS 0x000000008af00000, 0x000000008af00000| Untracked 
|  10|0x000000008b000000, 0x000000008b100000, 0x000000008b100000|100%| O|  |TAMS 0x000000008b100000, 0x000000008b000000| Untracked 
|  11|0x000000008b100000, 0x000000008b200000, 0x000000008b200000|100%| O|  |TAMS 0x000000008b200000, 0x000000008b100000| Untracked 
|  12|0x000000008b200000, 0x000000008b300000, 0x000000008b300000|100%|HS|  |TAMS 0x000000008b200000, 0x000000008b200000| Complete 
|  13|0x000000008b300000, 0x000000008b400000, 0x000000008b400000|100%|HC|  |TAMS 0x000000008b300000, 0x000000008b300000| Complete 
|  14|0x000000008b400000, 0x000000008b500000, 0x000000008b500000|100%| O|  |TAMS 0x000000008b500000, 0x000000008b400000| Untracked 
|  15|0x000000008b500000, 0x000000008b600000, 0x000000008b600000|100%| O|  |TAMS 0x000000008b600000, 0x000000008b500000| Untracked 
|  16|0x000000008b600000, 0x000000008b700000, 0x000000008b700000|100%| O|  |TAMS 0x000000008b700000, 0x000000008b600000| Untracked 
|  17|0x000000008b700000, 0x000000008b800000, 0x000000008b800000|100%| O|  |TAMS 0x000000008b700000, 0x000000008b700000| Untracked 
|  18|0x000000008b800000, 0x000000008b900000, 0x000000008b900000|100%| O|  |TAMS 0x000000008b800000, 0x000000008b800000| Untracked 
|  19|0x000000008b900000, 0x000000008ba00000, 0x000000008ba00000|100%| O|  |TAMS 0x000000008b900000, 0x000000008b900000| Untracked 
|  20|0x000000008ba00000, 0x000000008bb00000, 0x000000008bb00000|100%| O|  |TAMS 0x000000008ba3f600, 0x000000008ba00000| Untracked 
|  21|0x000000008bb00000, 0x000000008bc00000, 0x000000008bc00000|100%| O|  |TAMS 0x000000008bb00000, 0x000000008bb00000| Untracked 
|  22|0x000000008bc00000, 0x000000008bd00000, 0x000000008bd00000|100%| O|  |TAMS 0x000000008bc00000, 0x000000008bc00000| Untracked 
|  23|0x000000008bd00000, 0x000000008be00000, 0x000000008be00000|100%| O|  |TAMS 0x000000008bd00000, 0x000000008bd00000| Untracked 
|  24|0x000000008be00000, 0x000000008bf00000, 0x000000008bf00000|100%| O|  |TAMS 0x000000008be00000, 0x000000008be00000| Untracked 
|  25|0x000000008bf00000, 0x000000008c000000, 0x000000008c000000|100%| O|  |TAMS 0x000000008bf00000, 0x000000008bf00000| Untracked 
|  26|0x000000008c000000, 0x000000008c100000, 0x000000008c100000|100%| O|  |TAMS 0x000000008c000000, 0x000000008c000000| Untracked 
|  27|0x000000008c100000, 0x000000008c200000, 0x000000008c200000|100%| O|  |TAMS 0x000000008c100000, 0x000000008c100000| Untracked 
|  28|0x000000008c200000, 0x000000008c300000, 0x000000008c300000|100%| O|  |TAMS 0x000000008c200000, 0x000000008c200000| Untracked 
|  29|0x000000008c300000, 0x000000008c400000, 0x000000008c400000|100%| O|  |TAMS 0x000000008c300000, 0x000000008c300000| Untracked 
|  30|0x000000008c400000, 0x000000008c500000, 0x000000008c500000|100%| O|  |TAMS 0x000000008c400000, 0x000000008c400000| Untracked 
|  31|0x000000008c500000, 0x000000008c600000, 0x000000008c600000|100%| O|  |TAMS 0x000000008c500000, 0x000000008c500000| Untracked 
|  32|0x000000008c600000, 0x000000008c700000, 0x000000008c700000|100%| O|  |TAMS 0x000000008c600000, 0x000000008c600000| Untracked 
|  33|0x000000008c700000, 0x000000008c800000, 0x000000008c800000|100%| O|  |TAMS 0x000000008c700000, 0x000000008c700000| Untracked 
|  34|0x000000008c800000, 0x000000008c900000, 0x000000008c900000|100%| O|  |TAMS 0x000000008c800000, 0x000000008c800000| Untracked 
|  35|0x000000008c900000, 0x000000008c900000, 0x000000008ca00000|  0%| F|  |TAMS 0x000000008c900000, 0x000000008c900000| Untracked 
|  36|0x000000008ca00000, 0x000000008ca00000, 0x000000008cb00000|  0%| F|  |TAMS 0x000000008ca00000, 0x000000008ca00000| Untracked 
|  37|0x000000008cb00000, 0x000000008cb00000, 0x000000008cc00000|  0%| F|  |TAMS 0x000000008cb00000, 0x000000008cb00000| Untracked 
|  38|0x000000008cc00000, 0x000000008cc00000, 0x000000008cd00000|  0%| F|  |TAMS 0x000000008cc00000, 0x000000008cc00000| Untracked 
|  39|0x000000008cd00000, 0x000000008cd00000, 0x000000008ce00000|  0%| F|  |TAMS 0x000000008cd00000, 0x000000008cd00000| Untracked 
|  40|0x000000008ce00000, 0x000000008ce00000, 0x000000008cf00000|  0%| F|  |TAMS 0x000000008ce00000, 0x000000008ce00000| Untracked 
|  41|0x000000008cf00000, 0x000000008cf00000, 0x000000008d000000|  0%| F|  |TAMS 0x000000008cf00000, 0x000000008cf00000| Untracked 
|  42|0x000000008d000000, 0x000000008d000000, 0x000000008d100000|  0%| F|  |TAMS 0x000000008d000000, 0x000000008d000000| Untracked 
|  43|0x000000008d100000, 0x000000008d100000, 0x000000008d200000|  0%| F|  |TAMS 0x000000008d100000, 0x000000008d100000| Untracked 
|  44|0x000000008d200000, 0x000000008d200000, 0x000000008d300000|  0%| F|  |TAMS 0x000000008d200000, 0x000000008d200000| Untracked 
|  45|0x000000008d300000, 0x000000008d300000, 0x000000008d400000|  0%| F|  |TAMS 0x000000008d300000, 0x000000008d300000| Untracked 
|  46|0x000000008d400000, 0x000000008d400000, 0x000000008d500000|  0%| F|  |TAMS 0x000000008d400000, 0x000000008d400000| Untracked 
|  47|0x000000008d500000, 0x000000008d500000, 0x000000008d600000|  0%| F|  |TAMS 0x000000008d500000, 0x000000008d500000| Untracked 
|  48|0x000000008d600000, 0x000000008d600000, 0x000000008d700000|  0%| F|  |TAMS 0x000000008d600000, 0x000000008d600000| Untracked 
|  49|0x000000008d700000, 0x000000008d700000, 0x000000008d800000|  0%| F|  |TAMS 0x000000008d700000, 0x000000008d700000| Untracked 
|  50|0x000000008d800000, 0x000000008d8cf2d0, 0x000000008d900000| 80%| S|CS|TAMS 0x000000008d800000, 0x000000008d800000| Complete 
|  51|0x000000008d900000, 0x000000008da00000, 0x000000008da00000|100%| S|CS|TAMS 0x000000008d900000, 0x000000008d900000| Complete 
|  52|0x000000008da00000, 0x000000008db00000, 0x000000008db00000|100%| S|CS|TAMS 0x000000008da00000, 0x000000008da00000| Complete 
|  53|0x000000008db00000, 0x000000008db00000, 0x000000008dc00000|  0%| F|  |TAMS 0x000000008db00000, 0x000000008db00000| Untracked 
|  54|0x000000008dc00000, 0x000000008dc00000, 0x000000008dd00000|  0%| F|  |TAMS 0x000000008dc00000, 0x000000008dc00000| Untracked 
|  55|0x000000008dd00000, 0x000000008dd00000, 0x000000008de00000|  0%| F|  |TAMS 0x000000008dd00000, 0x000000008dd00000| Untracked 
|  56|0x000000008de00000, 0x000000008de00000, 0x000000008df00000|  0%| F|  |TAMS 0x000000008de00000, 0x000000008de00000| Untracked 
|  57|0x000000008df00000, 0x000000008df00000, 0x000000008e000000|  0%| F|  |TAMS 0x000000008df00000, 0x000000008df00000| Untracked 
|  58|0x000000008e000000, 0x000000008e000000, 0x000000008e100000|  0%| F|  |TAMS 0x000000008e000000, 0x000000008e000000| Untracked 
|  59|0x000000008e100000, 0x000000008e100000, 0x000000008e200000|  0%| F|  |TAMS 0x000000008e100000, 0x000000008e100000| Untracked 
|  60|0x000000008e200000, 0x000000008e200000, 0x000000008e300000|  0%| F|  |TAMS 0x000000008e200000, 0x000000008e200000| Untracked 
|  61|0x000000008e300000, 0x000000008e300000, 0x000000008e400000|  0%| F|  |TAMS 0x000000008e300000, 0x000000008e300000| Untracked 
|  62|0x000000008e400000, 0x000000008e400000, 0x000000008e500000|  0%| F|  |TAMS 0x000000008e400000, 0x000000008e400000| Untracked 
|  63|0x000000008e500000, 0x000000008e500000, 0x000000008e600000|  0%| F|  |TAMS 0x000000008e500000, 0x000000008e500000| Untracked 
|  64|0x000000008e600000, 0x000000008e600000, 0x000000008e700000|  0%| F|  |TAMS 0x000000008e600000, 0x000000008e600000| Untracked 
|  65|0x000000008e700000, 0x000000008e700000, 0x000000008e800000|  0%| F|  |TAMS 0x000000008e700000, 0x000000008e700000| Untracked 
|  66|0x000000008e800000, 0x000000008e800000, 0x000000008e900000|  0%| F|  |TAMS 0x000000008e800000, 0x000000008e800000| Untracked 
|  67|0x000000008e900000, 0x000000008e900000, 0x000000008ea00000|  0%| F|  |TAMS 0x000000008e900000, 0x000000008e900000| Untracked 
|  68|0x000000008ea00000, 0x000000008ea00000, 0x000000008eb00000|  0%| F|  |TAMS 0x000000008ea00000, 0x000000008ea00000| Untracked 
|  69|0x000000008eb00000, 0x000000008eb00000, 0x000000008ec00000|  0%| F|  |TAMS 0x000000008eb00000, 0x000000008eb00000| Untracked 
|  79|0x000000008f500000, 0x000000008f500000, 0x000000008f600000|  0%| F|  |TAMS 0x000000008f500000, 0x000000008f500000| Untracked 
|  80|0x000000008f600000, 0x000000008f600000, 0x000000008f700000|  0%| F|  |TAMS 0x000000008f600000, 0x000000008f600000| Untracked 
|  81|0x000000008f700000, 0x000000008f800000, 0x000000008f800000|100%| E|  |TAMS 0x000000008f700000, 0x000000008f700000| Complete 
|  82|0x000000008f800000, 0x000000008f900000, 0x000000008f900000|100%| E|CS|TAMS 0x000000008f800000, 0x000000008f800000| Complete 
| 117|0x0000000091b00000, 0x0000000091c00000, 0x0000000091c00000|100%| E|CS|TAMS 0x0000000091b00000, 0x0000000091b00000| Complete 

Card table byte_map: [0x0000025396660000,0x0000025396a10000] _byte_map_base: 0x000002539620d000

Marking Bits (Prev, Next): (CMBitMap*) 0x00000253838f4540, (CMBitMap*) 0x00000253838f4580
 Prev Bits: [0x0000025396dc0000, 0x0000025398b28000)
 Next Bits: [0x0000025398b30000, 0x000002539a898000)

Polling page: 0x0000025381710000

Metaspace:

Usage:
  Non-class:     46.19 MB used.
      Class:      6.26 MB used.
       Both:     52.46 MB used.

Virtual space:
  Non-class space:       48.00 MB reserved,      46.31 MB ( 96%) committed,  6 nodes.
      Class space:        1.00 GB reserved,       6.38 MB ( <1%) committed,  1 nodes.
             Both:        1.05 GB reserved,      52.69 MB (  5%) committed. 

Chunk freelists:
   Non-Class:  1.28 MB
       Class:  1.59 MB
        Both:  2.88 MB

MaxMetaspaceSize: unlimited
CompressedClassSpaceSize: 1.00 GB
Initial GC threshold: 21.00 MB
Current GC threshold: 58.88 MB
CDS: off
MetaspaceReclaimPolicy: balanced
 - commit_granule_bytes: 65536.
 - commit_granule_words: 8192.
 - virtual_space_node_default_size: 1048576.
 - enlarge_chunks_in_place: 1.
 - new_chunks_are_fully_committed: 0.
 - uncommit_free_chunks: 1.
 - use_allocation_guard: 0.
 - handle_deallocations: 1.


Internal statistics:

num_allocs_failed_limit: 6.
num_arena_births: 190.
num_arena_deaths: 0.
num_vsnodes_births: 7.
num_vsnodes_deaths: 0.
num_space_committed: 841.
num_space_uncommitted: 0.
num_chunks_returned_to_freelist: 6.
num_chunks_taken_from_freelist: 1748.
num_chunk_merges: 3.
num_chunk_splits: 1470.
num_chunks_enlarged: 1351.
num_purges: 0.
num_inconsistent_stats: 0.

CodeHeap 'non-profiled nmethods': size=120000Kb used=2279Kb max_used=2279Kb free=117720Kb
 bounds [0x000002538e830000, 0x000002538eaa0000, 0x0000025395d60000]
CodeHeap 'profiled nmethods': size=120000Kb used=12588Kb max_used=12588Kb free=107411Kb
 bounds [0x0000025386d60000, 0x00000253879b0000, 0x000002538e290000]
CodeHeap 'non-nmethods': size=5760Kb used=1283Kb max_used=1353Kb free=4476Kb
 bounds [0x000002538e290000, 0x000002538e500000, 0x000002538e830000]
 total_blobs=5841 nmethods=5246 adapters=506
 compilation: enabled
              stopped_count=0, restarted_count=0
 full_count=0

Compilation events (20 events):
Event: 3.725 Thread 0x000002539e02d000 5253       3       gnu.trove.TIterator::moveToNextIndex (21 bytes)
Event: 3.725 Thread 0x000002539e02d000 nmethod 5253 0x000002538799f690 code [0x000002538799f840, 0x000002538799fb18]
Event: 3.725 Thread 0x000002539e02d000 5252       3       gnu.trove.THashIterator::next (13 bytes)
Event: 3.726 Thread 0x000002539e02d000 nmethod 5252 0x000002538799fc10 code [0x000002538799fde0, 0x00000253879a01b8]
Event: 3.726 Thread 0x000002539e02d000 5254       3       gnu.trove.TObjectHashIterator::objectAtIndex (10 bytes)
Event: 3.726 Thread 0x000002539e02d000 nmethod 5254 0x00000253879a0390 code [0x00000253879a0520, 0x00000253879a0658]
Event: 3.726 Thread 0x000002539e02d000 5251       3       kotlin.collections.CollectionsKt__IterablesKt::collectionSizeOrNull (30 bytes)
Event: 3.726 Thread 0x000002539e02d000 nmethod 5251 0x00000253879a0790 code [0x00000253879a0a00, 0x00000253879a1508]
Event: 3.726 Thread 0x000002539e02d000 5256       3       gnu.trove.TObjectHash::insertionIndex (273 bytes)
Event: 3.727 Thread 0x000002539e02d000 nmethod 5256 0x00000253879a1890 code [0x00000253879a1ae0, 0x00000253879a2768]
Event: 3.727 Thread 0x000002539e02d000 5257       1       org.jetbrains.kotlin.serialization.deserialization.descriptors.DeserializedMemberScope$OptimizedImplementation::access$getFunctionProtosBytes$p (5 bytes)
Event: 3.727 Thread 0x000002539e02d000 nmethod 5257 0x000002538ea69410 code [0x000002538ea695a0, 0x000002538ea69658]
Event: 3.727 Thread 0x000002539e02d000 5258       1       org.jetbrains.kotlin.serialization.deserialization.descriptors.DeserializedMemberScope$OptimizedImplementation::access$getPropertyProtosBytes$p (5 bytes)
Event: 3.727 Thread 0x000002539e02d000 nmethod 5258 0x000002538ea69710 code [0x000002538ea698a0, 0x000002538ea69958]
Event: 3.728 Thread 0x000002539e02d000 5259       3       org.jetbrains.kotlin.metadata.jvm.JvmProtoBuf$JvmFieldSignature::getDefaultInstance (4 bytes)
Event: 3.729 Thread 0x000002539e02d000 nmethod 5259 0x00000253879a2a90 code [0x00000253879a2c20, 0x00000253879a2d18]
Event: 3.729 Thread 0x000002539e02d000 5260       1       org.jetbrains.kotlin.metadata.jvm.JvmProtoBuf$JvmPropertySignature::access$4000 (5 bytes)
Event: 3.729 Thread 0x000002539e02d000 nmethod 5260 0x000002538ea69a10 code [0x000002538ea69ba0, 0x000002538ea69c58]
Event: 3.729 Thread 0x000002539e02d000 5261       2       java.util.Collections$UnmodifiableCollection::size (10 bytes)
Event: 3.729 Thread 0x000002539e02d000 nmethod 5261 0x00000253879a2d90 code [0x00000253879a2f20, 0x00000253879a3048]

GC Heap History (20 events):
Event: 1.233 GC heap before
{Heap before GC invocations=4 (full 0):
 garbage-first heap   total 40960K, used 12397K [0x000000008a600000, 0x0000000100000000)
  region size 1024K, 3 young (3072K), 2 survivors (2048K)
 Metaspace       used 28641K, committed 28864K, reserved 1081344K
  class space    used 3548K, committed 3648K, reserved 1048576K
}
Event: 1.236 GC heap after
{Heap after GC invocations=5 (full 0):
 garbage-first heap   total 40960K, used 11728K [0x000000008a600000, 0x0000000100000000)
  region size 1024K, 1 young (1024K), 1 survivors (1024K)
 Metaspace       used 28641K, committed 28864K, reserved 1081344K
  class space    used 3548K, committed 3648K, reserved 1048576K
}
Event: 1.435 GC heap before
{Heap before GC invocations=5 (full 0):
 garbage-first heap   total 40960K, used 33232K [0x000000008a600000, 0x0000000100000000)
  region size 1024K, 20 young (20480K), 1 survivors (1024K)
 Metaspace       used 31232K, committed 31424K, reserved 1081344K
  class space    used 4040K, committed 4096K, reserved 1048576K
}
Event: 1.443 GC heap after
{Heap after GC invocations=6 (full 0):
 garbage-first heap   total 40960K, used 17762K [0x000000008a600000, 0x0000000100000000)
  region size 1024K, 3 young (3072K), 3 survivors (3072K)
 Metaspace       used 31232K, committed 31424K, reserved 1081344K
  class space    used 4040K, committed 4096K, reserved 1048576K
}
Event: 1.605 GC heap before
{Heap before GC invocations=6 (full 0):
 garbage-first heap   total 40960K, used 30050K [0x000000008a600000, 0x0000000100000000)
  region size 1024K, 16 young (16384K), 3 survivors (3072K)
 Metaspace       used 34374K, committed 34560K, reserved 1081344K
  class space    used 4379K, committed 4416K, reserved 1048576K
}
Event: 1.611 GC heap after
{Heap after GC invocations=7 (full 0):
 garbage-first heap   total 63488K, used 17299K [0x000000008a600000, 0x0000000100000000)
  region size 1024K, 2 young (2048K), 2 survivors (2048K)
 Metaspace       used 34374K, committed 34560K, reserved 1081344K
  class space    used 4379K, committed 4416K, reserved 1048576K
}
Event: 1.681 GC heap before
{Heap before GC invocations=7 (full 0):
 garbage-first heap   total 63488K, used 23443K [0x000000008a600000, 0x0000000100000000)
  region size 1024K, 9 young (9216K), 2 survivors (2048K)
 Metaspace       used 35810K, committed 35968K, reserved 1081344K
  class space    used 4531K, committed 4608K, reserved 1048576K
}
Event: 1.684 GC heap after
{Heap after GC invocations=8 (full 0):
 garbage-first heap   total 63488K, used 17984K [0x000000008a600000, 0x0000000100000000)
  region size 1024K, 3 young (3072K), 3 survivors (3072K)
 Metaspace       used 35810K, committed 35968K, reserved 1081344K
  class space    used 4531K, committed 4608K, reserved 1048576K
}
Event: 1.965 GC heap before
{Heap before GC invocations=9 (full 0):
 garbage-first heap   total 63488K, used 43584K [0x000000008a600000, 0x0000000100000000)
  region size 1024K, 29 young (29696K), 3 survivors (3072K)
 Metaspace       used 41146K, committed 41344K, reserved 1089536K
  class space    used 5051K, committed 5184K, reserved 1048576K
}
Event: 1.970 GC heap after
{Heap after GC invocations=10 (full 0):
 garbage-first heap   total 63488K, used 19215K [0x000000008a600000, 0x0000000100000000)
  region size 1024K, 3 young (3072K), 3 survivors (3072K)
 Metaspace       used 41146K, committed 41344K, reserved 1089536K
  class space    used 5051K, committed 5184K, reserved 1048576K
}
Event: 2.411 GC heap before
{Heap before GC invocations=10 (full 0):
 garbage-first heap   total 63488K, used 48911K [0x000000008a600000, 0x0000000100000000)
  region size 1024K, 30 young (30720K), 3 survivors (3072K)
 Metaspace       used 47451K, committed 47680K, reserved 1097728K
  class space    used 5822K, committed 5952K, reserved 1048576K
}
Event: 2.418 GC heap after
{Heap after GC invocations=11 (full 0):
 garbage-first heap   total 63488K, used 24813K [0x000000008a600000, 0x0000000100000000)
  region size 1024K, 4 young (4096K), 4 survivors (4096K)
 Metaspace       used 47451K, committed 47680K, reserved 1097728K
  class space    used 5822K, committed 5952K, reserved 1048576K
}
Event: 2.532 GC heap before
{Heap before GC invocations=11 (full 0):
 garbage-first heap   total 63488K, used 47341K [0x000000008a600000, 0x0000000100000000)
  region size 1024K, 26 young (26624K), 4 survivors (4096K)
 Metaspace       used 48026K, committed 48256K, reserved 1097728K
  class space    used 5874K, committed 5952K, reserved 1048576K
}
Event: 2.540 GC heap after
{Heap after GC invocations=12 (full 0):
 garbage-first heap   total 76800K, used 26474K [0x000000008a600000, 0x0000000100000000)
  region size 1024K, 2 young (2048K), 2 survivors (2048K)
 Metaspace       used 48026K, committed 48256K, reserved 1097728K
  class space    used 5874K, committed 5952K, reserved 1048576K
}
Event: 2.923 GC heap before
{Heap before GC invocations=12 (full 0):
 garbage-first heap   total 76800K, used 58218K [0x000000008a600000, 0x0000000100000000)
  region size 1024K, 33 young (33792K), 2 survivors (2048K)
 Metaspace       used 50578K, committed 50816K, reserved 1097728K
  class space    used 6112K, committed 6208K, reserved 1048576K
}
Event: 2.934 GC heap after
{Heap after GC invocations=13 (full 0):
 garbage-first heap   total 76800K, used 30559K [0x000000008a600000, 0x0000000100000000)
  region size 1024K, 5 young (5120K), 5 survivors (5120K)
 Metaspace       used 50578K, committed 50816K, reserved 1097728K
  class space    used 6112K, committed 6208K, reserved 1048576K
}
Event: 3.380 GC heap before
{Heap before GC invocations=13 (full 0):
 garbage-first heap   total 76800K, used 58207K [0x000000008a600000, 0x0000000100000000)
  region size 1024K, 32 young (32768K), 5 survivors (5120K)
 Metaspace       used 51520K, committed 51776K, reserved 1097728K
  class space    used 6140K, committed 6272K, reserved 1048576K
}
Event: 3.393 GC heap after
{Heap after GC invocations=14 (full 0):
 garbage-first heap   total 76800K, used 35717K [0x000000008a600000, 0x0000000100000000)
  region size 1024K, 4 young (4096K), 4 survivors (4096K)
 Metaspace       used 51520K, committed 51776K, reserved 1097728K
  class space    used 6140K, committed 6272K, reserved 1048576K
}
Event: 3.675 GC heap before
{Heap before GC invocations=14 (full 0):
 garbage-first heap   total 76800K, used 58245K [0x000000008a600000, 0x0000000100000000)
  region size 1024K, 26 young (26624K), 4 survivors (4096K)
 Metaspace       used 53184K, committed 53440K, reserved 1097728K
  class space    used 6336K, committed 6464K, reserved 1048576K
}
Event: 3.687 GC heap after
{Heap after GC invocations=15 (full 0):
 garbage-first heap   total 76800K, used 38716K [0x000000008a600000, 0x0000000100000000)
  region size 1024K, 3 young (3072K), 3 survivors (3072K)
 Metaspace       used 53184K, committed 53440K, reserved 1097728K
  class space    used 6336K, committed 6464K, reserved 1048576K
}

Dll operation events (2 events):
Event: 0.006 Loaded shared library D:\Games\Android\Android Studio\jbr\bin\java.dll
Event: 1.064 Loaded shared library D:\Games\Android\Android Studio\jbr\bin\verify.dll

Deoptimization events (20 events):
Event: 3.722 Thread 0x000002538389be00 Uncommon trap: trap_request=0xffffffc6 fr.pc=0x000002538ea11d04 relative=0x00000000000023a4
Event: 3.722 Thread 0x000002538389be00 Uncommon trap: reason=bimorphic_or_optimized_type_check action=maybe_recompile pc=0x000002538ea11d04 method=kotlin.collections.CollectionsKt__MutableCollectionsKt.addAll(Ljava/util/Collection;Ljava/lang/Iterable;)Z @ 24 c2
Event: 3.722 Thread 0x000002538389be00 DEOPT PACKING pc=0x000002538ea11d04 sp=0x0000006778bfbb30
Event: 3.722 Thread 0x000002538389be00 DEOPT UNPACKING pc=0x000002538e2e69a3 sp=0x0000006778bfbb30 mode 2
Event: 3.722 Thread 0x000002538389be00 Uncommon trap: trap_request=0xffffffc6 fr.pc=0x000002538ea11d04 relative=0x00000000000023a4
Event: 3.722 Thread 0x000002538389be00 Uncommon trap: reason=bimorphic_or_optimized_type_check action=maybe_recompile pc=0x000002538ea11d04 method=kotlin.collections.CollectionsKt__MutableCollectionsKt.addAll(Ljava/util/Collection;Ljava/lang/Iterable;)Z @ 24 c2
Event: 3.722 Thread 0x000002538389be00 DEOPT PACKING pc=0x000002538ea11d04 sp=0x0000006778bfbb30
Event: 3.722 Thread 0x000002538389be00 DEOPT UNPACKING pc=0x000002538e2e69a3 sp=0x0000006778bfbb30 mode 2
Event: 3.722 Thread 0x000002538389be00 Uncommon trap: trap_request=0xffffffc6 fr.pc=0x000002538ea11d04 relative=0x00000000000023a4
Event: 3.722 Thread 0x000002538389be00 Uncommon trap: reason=bimorphic_or_optimized_type_check action=maybe_recompile pc=0x000002538ea11d04 method=kotlin.collections.CollectionsKt__MutableCollectionsKt.addAll(Ljava/util/Collection;Ljava/lang/Iterable;)Z @ 24 c2
Event: 3.722 Thread 0x000002538389be00 DEOPT PACKING pc=0x000002538ea11d04 sp=0x0000006778bfbb30
Event: 3.722 Thread 0x000002538389be00 DEOPT UNPACKING pc=0x000002538e2e69a3 sp=0x0000006778bfbb30 mode 2
Event: 3.724 Thread 0x000002538389be00 Uncommon trap: trap_request=0xffffff45 fr.pc=0x000002538ea4b044 relative=0x0000000000000724
Event: 3.724 Thread 0x000002538389be00 Uncommon trap: reason=unstable_if action=reinterpret pc=0x000002538ea4b044 method=gnu.trove.TObjectHash.index(Ljava/lang/Object;)I @ 9 c2
Event: 3.724 Thread 0x000002538389be00 DEOPT PACKING pc=0x000002538ea4b044 sp=0x0000006778bfbdf0
Event: 3.724 Thread 0x000002538389be00 DEOPT UNPACKING pc=0x000002538e2e69a3 sp=0x0000006778bfbd68 mode 2
Event: 3.726 Thread 0x000002538389be00 Uncommon trap: trap_request=0xffffff45 fr.pc=0x000002538e9b9a8c relative=0x0000000000000aac
Event: 3.726 Thread 0x000002538389be00 Uncommon trap: reason=unstable_if action=reinterpret pc=0x000002538e9b9a8c method=gnu.trove.TObjectHash.insertionIndex(Ljava/lang/Object;)I @ 182 c2
Event: 3.726 Thread 0x000002538389be00 DEOPT PACKING pc=0x000002538e9b9a8c sp=0x0000006778bfba20
Event: 3.726 Thread 0x000002538389be00 DEOPT UNPACKING pc=0x000002538e2e69a3 sp=0x0000006778bfb9b8 mode 2

Classes unloaded (0 events):
No events

Classes redefined (0 events):
No events

Internal exceptions (20 events):
Event: 1.105 Thread 0x000002538389be00 Exception <a 'java/lang/NoSuchMethodError'{0x000000008badad38}: 'void java.lang.invoke.DirectMethodHandle$Holder.invokeVirtual(java.lang.Object, java.lang.Object)'> (0x000000008badad38) 
thrown [s\src\hotspot\share\interpreter\linkResolver.cpp, line 771]
Event: 1.113 Thread 0x000002538389be00 Exception <a 'java/lang/NoSuchMethodError'{0x000000008b9552c8}: 'int java.lang.invoke.DirectMethodHandle$Holder.invokeVirtual(java.lang.Object, java.lang.Object)'> (0x000000008b9552c8) 
thrown [s\src\hotspot\share\interpreter\linkResolver.cpp, line 771]
Event: 1.125 Thread 0x000002538389be00 Exception <a 'java/lang/NoSuchMethodError'{0x000000008b9ed078}: 'java.lang.Object java.lang.invoke.Invokers$Holder.invokeExact_MT(java.lang.Object, java.lang.Object, java.lang.Object, java.lang.Object, java.lang.Object, java.lang.Object)'> (0x000000008b9ed078) 
thrown [s\src\hotspot\share\interpreter\linkResolver.cpp, line 771]
Event: 1.428 Thread 0x000002538389be00 Implicit null exception at 0x000002538e847bf2 to 0x000002538e8481bc
Event: 1.525 Thread 0x000002538389be00 Implicit null exception at 0x000002538e848ef2 to 0x000002538e8494cc
Event: 1.557 Thread 0x000002538389be00 Exception <a 'java/lang/NoSuchMethodError'{0x000000008c5ed0e0}: 'java.lang.Object java.lang.invoke.DirectMethodHandle$Holder.invokeVirtual(java.lang.Object, java.lang.Object, java.lang.Object)'> (0x000000008c5ed0e0) 
thrown [s\src\hotspot\share\interpreter\linkResolver.cpp, line 771]
Event: 2.075 Thread 0x000002538389be00 Exception <a 'java/lang/NoSuchMethodError'{0x000000008dee0210}: 'java.lang.Object java.lang.invoke.DirectMethodHandle$Holder.newInvokeSpecial(java.lang.Object, java.lang.Object, java.lang.Object, int)'> (0x000000008dee0210) 
thrown [s\src\hotspot\share\interpreter\linkResolver.cpp, line 771]
Event: 2.076 Thread 0x000002538389be00 Exception <a 'java/lang/NoSuchMethodError'{0x000000008dee4898}: 'java.lang.Object java.lang.invoke.DirectMethodHandle$Holder.invokeSpecial(java.lang.Object, java.lang.Object, java.lang.Object, java.lang.Object, int)'> (0x000000008dee4898) 
thrown [s\src\hotspot\share\interpreter\linkResolver.cpp, line 771]
Event: 2.076 Thread 0x000002538389be00 Exception <a 'java/lang/NoSuchMethodError'{0x000000008dee8708}: 'java.lang.Object java.lang.invoke.Invokers$Holder.linkToTargetMethod(java.lang.Object, java.lang.Object, int, java.lang.Object)'> (0x000000008dee8708) 
thrown [s\src\hotspot\share\interpreter\linkResolver.cpp, line 771]
Event: 2.269 Thread 0x000002538389be00 Exception <a 'java/lang/NoSuchMethodError'{0x000000008d1996f8}: 'java.lang.Object java.lang.invoke.DirectMethodHandle$Holder.newInvokeSpecial(java.lang.Object, java.lang.Object, int)'> (0x000000008d1996f8) 
thrown [s\src\hotspot\share\interpreter\linkResolver.cpp, line 771]
Event: 2.452 Thread 0x000002538389be00 Exception <a 'java/lang/NoSuchMethodError'{0x000000008f739cd8}: 'java.lang.Object java.lang.invoke.DirectMethodHandle$Holder.newInvokeSpecial(java.lang.Object, java.lang.Object, java.lang.Object, java.lang.Object, java.lang.Object, java.lang.Object, java.lang.Object, java.lang.Object)'> (0x000000008f739cd8) 
thrown [s\src\hotspot\share\interpreter\linkResolver.cpp, line 771]
Event: 2.452 Thread 0x000002538389be00 Exception <a 'java/lang/NoSuchMethodError'{0x000000008f73f2f0}: 'java.lang.Object java.lang.invoke.DirectMethodHandle$Holder.invokeSpecial(java.lang.Object, java.lang.Object, java.lang.Object, java.lang.Object, java.lang.Object, java.lang.Object, java.lang.Object, java.lang.Object, java.lang.Object)'> (0x000000008f73f2f0) 
thrown [s\src\hotspot\share\interpreter\linkResolver.cpp, line 771]
Event: 2.452 Thread 0x000002538389be00 Exception <a 'java/lang/NoSuchMethodError'{0x000000008f744220}: 'java.lang.Object java.lang.invoke.Invokers$Holder.linkToTargetMethod(java.lang.Object, java.lang.Object, java.lang.Object, java.lang.Object, java.lang.Object, java.lang.Object, java.lang.Object, java.lang.Object)'> (0x000000008f744220) 
thrown [s\src\hotspot\share\interpreter\linkResolver.cpp, line 771]
Event: 2.759 Thread 0x000002538389be00 Exception <a 'java/lang/NoSuchMethodError'{0x000000008d92f858}: 'java.lang.Object java.lang.invoke.DirectMethodHandle$Holder.newInvokeSpecial(java.lang.Object, java.lang.Object, java.lang.Object, java.lang.Object, java.lang.Object, java.lang.Object)'> (0x000000008d92f858) 
thrown [s\src\hotspot\share\interpreter\linkResolver.cpp, line 771]
Event: 2.787 Thread 0x000002538389be00 Exception <a 'java/lang/NoSuchMethodError'{0x000000008d892c50}: 'java.lang.Object java.lang.invoke.DirectMethodHandle$Holder.invokeStaticInit(java.lang.Object, java.lang.Object, java.lang.Object)'> (0x000000008d892c50) 
thrown [s\src\hotspot\share\interpreter\linkResolver.cpp, line 771]
Event: 2.794 Thread 0x000002538389be00 Exception <a 'java/lang/NoSuchMethodError'{0x000000008d8d94d8}: 'java.lang.Object java.lang.invoke.DirectMethodHandle$Holder.newInvokeSpecial(java.lang.Object, int, java.lang.Object)'> (0x000000008d8d94d8) 
thrown [s\src\hotspot\share\interpreter\linkResolver.cpp, line 771]
Event: 2.794 Thread 0x000002538389be00 Exception <a 'java/lang/NoSuchMethodError'{0x000000008d8df938}: 'int java.lang.invoke.DirectMethodHandle$Holder.invokeInterface(java.lang.Object, java.lang.Object)'> (0x000000008d8df938) 
thrown [s\src\hotspot\share\interpreter\linkResolver.cpp, line 771]
Event: 3.614 Thread 0x000002538389be00 Implicit null exception at 0x000002538e924209 to 0x000002538e9242f0
Event: 3.615 Thread 0x000002538389be00 Implicit null exception at 0x000002538e8934d8 to 0x000002538e89356a
Event: 3.708 Thread 0x000002538389be00 Implicit null exception at 0x000002538ea56ccc to 0x000002538ea56da8

VM Operations (20 events):
Event: 3.380 Executing VM operation: G1CollectForAllocation
Event: 3.393 Executing VM operation: G1CollectForAllocation done
Event: 3.441 Executing VM operation: ICBufferFull
Event: 3.441 Executing VM operation: ICBufferFull done
Event: 3.512 Executing VM operation: ICBufferFull
Event: 3.512 Executing VM operation: ICBufferFull done
Event: 3.521 Executing VM operation: HandshakeAllThreads
Event: 3.522 Executing VM operation: HandshakeAllThreads done
Event: 3.529 Executing VM operation: HandshakeAllThreads
Event: 3.529 Executing VM operation: HandshakeAllThreads done
Event: 3.564 Executing VM operation: HandshakeAllThreads
Event: 3.564 Executing VM operation: HandshakeAllThreads done
Event: 3.570 Executing VM operation: HandshakeAllThreads
Event: 3.570 Executing VM operation: HandshakeAllThreads done
Event: 3.630 Executing VM operation: HandshakeAllThreads
Event: 3.630 Executing VM operation: HandshakeAllThreads done
Event: 3.675 Executing VM operation: G1CollectForAllocation
Event: 3.687 Executing VM operation: G1CollectForAllocation done
Event: 3.705 Executing VM operation: HandshakeAllThreads
Event: 3.705 Executing VM operation: HandshakeAllThreads done

Events (20 events):
Event: 2.347 loading class java/util/stream/ReduceOps$AccumulatingSink done
Event: 2.347 loading class java/util/stream/ReduceOps$Box
Event: 2.347 loading class java/util/stream/ReduceOps$Box done
Event: 2.347 loading class java/util/stream/ReduceOps$3ReducingSink done
Event: 2.347 loading class java/util/stream/ReferencePipeline$2$1
Event: 2.347 loading class java/util/stream/ReferencePipeline$2$1 done
Event: 2.347 loading class java/util/stream/IntPipeline$1$1
Event: 2.347 loading class java/util/stream/Sink$ChainedInt
Event: 2.347 loading class java/util/stream/Sink$OfInt
Event: 2.347 loading class java/util/function/IntConsumer
Event: 2.347 loading class java/util/function/IntConsumer done
Event: 2.347 loading class java/util/stream/Sink$OfInt done
Event: 2.347 loading class java/util/stream/Sink$ChainedInt done
Event: 2.347 loading class java/util/stream/IntPipeline$1$1 done
Event: 2.441 loading class java/util/function/IntUnaryOperator
Event: 2.441 loading class java/util/function/IntUnaryOperator done
Event: 2.761 loading class java/util/RegularEnumSet$EnumSetIterator
Event: 2.761 loading class java/util/RegularEnumSet$EnumSetIterator done
Event: 2.881 loading class java/util/Collections$SingletonMap
Event: 2.881 loading class java/util/Collections$SingletonMap done


Dynamic libraries:
0x00007ff63f390000 - 0x00007ff63f39a000 	D:\Games\Android\Android Studio\jbr\bin\java.exe
0x00007fff05050000 - 0x00007fff05248000 	C:\WINDOWS\SYSTEM32\ntdll.dll
0x00007fff035a0000 - 0x00007fff0365d000 	C:\WINDOWS\System32\KERNEL32.DLL
0x00007fff02830000 - 0x00007fff02b26000 	C:\WINDOWS\System32\KERNELBASE.dll
0x00007fff00010000 - 0x00007fff000a0000 	C:\WINDOWS\SYSTEM32\apphelp.dll
0x00007fff02f80000 - 0x00007fff03080000 	C:\WINDOWS\System32\ucrtbase.dll
0x00007ffef7c80000 - 0x00007ffef7c9b000 	D:\Games\Android\Android Studio\jbr\bin\VCRUNTIME140.dll
0x00007ffef9ef0000 - 0x00007ffef9f07000 	D:\Games\Android\Android Studio\jbr\bin\jli.dll
0x00007fff03270000 - 0x00007fff0340e000 	C:\WINDOWS\System32\USER32.dll
0x00007ffee5650000 - 0x00007ffee58ea000 	C:\WINDOWS\WinSxS\amd64_microsoft.windows.common-controls_6595b64144ccf1df_6.0.19041.3636_none_60b6a03d71f818d5\COMCTL32.dll
0x00007fff02ec0000 - 0x00007fff02ee2000 	C:\WINDOWS\System32\win32u.dll
0x00007fff04200000 - 0x00007fff0429e000 	C:\WINDOWS\System32\msvcrt.dll
0x00007fff03670000 - 0x00007fff0369b000 	C:\WINDOWS\System32\GDI32.dll
0x00007fff02da0000 - 0x00007fff02eb7000 	C:\WINDOWS\System32\gdi32full.dll
0x00007fff02b30000 - 0x00007fff02bcd000 	C:\WINDOWS\System32\msvcp_win.dll
0x00007fff036a0000 - 0x00007fff036d2000 	C:\WINDOWS\System32\IMM32.DLL
0x00007ffef9e90000 - 0x00007ffef9e9c000 	D:\Games\Android\Android Studio\jbr\bin\vcruntime140_1.dll
0x00007ffed6170000 - 0x00007ffed61fd000 	D:\Games\Android\Android Studio\jbr\bin\msvcp140.dll
0x00007ffebd030000 - 0x00007ffebdc9e000 	D:\Games\Android\Android Studio\jbr\bin\server\jvm.dll
0x00007fff034f0000 - 0x00007fff035a0000 	C:\WINDOWS\System32\ADVAPI32.dll
0x00007fff037b0000 - 0x00007fff03850000 	C:\WINDOWS\System32\sechost.dll
0x00007fff043d0000 - 0x00007fff044f5000 	C:\WINDOWS\System32\RPCRT4.dll
0x00007fff02800000 - 0x00007fff02827000 	C:\WINDOWS\System32\bcrypt.dll
0x00007ffefe110000 - 0x00007ffefe119000 	C:\WINDOWS\SYSTEM32\WSOCK32.dll
0x00007ffefa320000 - 0x00007ffefa347000 	C:\WINDOWS\SYSTEM32\WINMM.dll
0x00007ffefb2e0000 - 0x00007ffefb2ea000 	C:\WINDOWS\SYSTEM32\VERSION.dll
0x00007fff03850000 - 0x00007fff038bb000 	C:\WINDOWS\System32\WS2_32.dll
0x00007fff004b0000 - 0x00007fff004c2000 	C:\WINDOWS\SYSTEM32\kernel.appcore.dll
0x00007ffefe0a0000 - 0x00007ffefe0aa000 	D:\Games\Android\Android Studio\jbr\bin\jimage.dll
0x00007ffef9030000 - 0x00007ffef9214000 	C:\WINDOWS\SYSTEM32\DBGHELP.DLL
0x00007ffee9b70000 - 0x00007ffee9ba4000 	C:\WINDOWS\SYSTEM32\dbgcore.DLL
0x00007fff02ef0000 - 0x00007fff02f72000 	C:\WINDOWS\System32\bcryptPrimitives.dll
0x00007ffefc7d0000 - 0x00007ffefc7f5000 	D:\Games\Android\Android Studio\jbr\bin\java.dll
0x00007ffefcc70000 - 0x00007ffefcc88000 	D:\Games\Android\Android Studio\jbr\bin\zip.dll
0x00007fff03a90000 - 0x00007fff041fb000 	C:\WINDOWS\System32\SHELL32.dll
0x00007fff007b0000 - 0x00007fff00f4e000 	C:\WINDOWS\SYSTEM32\windows.storage.dll
0x00007fff04b90000 - 0x00007fff04ee3000 	C:\WINDOWS\System32\combase.dll
0x00007fff02130000 - 0x00007fff0215e000 	C:\WINDOWS\SYSTEM32\Wldp.dll
0x00007fff042a0000 - 0x00007fff0436d000 	C:\WINDOWS\System32\OLEAUT32.dll
0x00007fff04a50000 - 0x00007fff04afd000 	C:\WINDOWS\System32\SHCORE.dll
0x00007fff04370000 - 0x00007fff043c5000 	C:\WINDOWS\System32\shlwapi.dll
0x00007fff02630000 - 0x00007fff02655000 	C:\WINDOWS\SYSTEM32\profapi.dll
0x00007ffefa640000 - 0x00007ffefa659000 	D:\Games\Android\Android Studio\jbr\bin\net.dll
0x00007ffefda90000 - 0x00007ffefdb9a000 	C:\WINDOWS\SYSTEM32\WINHTTP.dll
0x00007fff01e10000 - 0x00007fff01e7a000 	C:\WINDOWS\system32\mswsock.dll
0x00007ffefa5c0000 - 0x00007ffefa5d6000 	D:\Games\Android\Android Studio\jbr\bin\nio.dll
0x00007ffefe080000 - 0x00007ffefe090000 	D:\Games\Android\Android Studio\jbr\bin\verify.dll

dbghelp: loaded successfully - version: 4.0.5 - missing functions: none
symbol engine: initialized successfully - sym options: 0x614 - pdb path: .;D:\Games\Android\Android Studio\jbr\bin;C:\WINDOWS\SYSTEM32;C:\WINDOWS\WinSxS\amd64_microsoft.windows.common-controls_6595b64144ccf1df_6.0.19041.3636_none_60b6a03d71f818d5;D:\Games\Android\Android Studio\jbr\bin\server

VM Arguments:
java_command: org.jetbrains.kotlin.cli.jvm.K2JVMCompiler @D:\Games\Android\AndroidStudioProjects\OOP_61\app\build\20240410_14634206243556446198.compiler.options
java_class_path (initial): C:\Users\Ruslan\.gradle\caches\modules-2\files-2.1\org.jetbrains.kotlin\kotlin-compiler-embeddable\1.9.0\2c8c3a7402becca891f12739b3e9fd2dc2adbd7a\kotlin-compiler-embeddable-1.9.0.jar;C:\Users\Ruslan\.gradle\caches\modules-2\files-2.1\org.jetbrains.kotlin\kotlin-stdlib\1.9.0\8ee15ef0c67dc83d874f412d84378d7f0eb50b63\kotlin-stdlib-1.9.0.jar;C:\Users\Ruslan\.gradle\caches\modules-2\files-2.1\org.jetbrains.kotlin\kotlin-script-runtime\1.9.0\4b3102cbbb7e1b58d9d1adf89563f00069ffa7d1\kotlin-script-runtime-1.9.0.jar;C:\Users\Ruslan\.gradle\caches\modules-2\files-2.1\org.jetbrains.kotlin\kotlin-reflect\1.6.10\1cbe9c92c12a94eea200d23c2bbaedaf3daf5132\kotlin-reflect-1.6.10.jar;C:\Users\Ruslan\.gradle\caches\modules-2\files-2.1\org.jetbrains.kotlin\kotlin-daemon-embeddable\1.9.0\186543f5e28cf8d9a0290fecc2cf34301c40a65c\kotlin-daemon-embeddable-1.9.0.jar;C:\Users\Ruslan\.gradle\caches\modules-2\files-2.1\org.jetbrains.intellij.deps\trove4j\1.0.20200330\3afb14d5f9ceb459d724e907a21145e8ff394f02\trove4j-1.0.20200330.jar;C:\Users\Ruslan\.gradle\caches\modules-2\files-2.1\org.jetbrains.kotlin\kotlin-stdlib-common\1.9.0\cd65c21cfd1eec4d44ef09f9f52b6d9f8a720636\kotlin-stdlib-common-1.9.0.jar;C:\Users\Ruslan\.gradle\caches\modules-2\files-2.1\org.jetbrains\annotations\13.0\919f0dfe192fb4e063e7dacadee7f8bb9a2672a9\annotations-13.0.jar
Launcher Type: SUN_STANDARD

[Global flags]
     intx CICompilerCount                          = 4                                         {product} {ergonomic}
     uint ConcGCThreads                            = 3                                         {product} {ergonomic}
     uint G1ConcRefinementThreads                  = 10                                        {product} {ergonomic}
   size_t G1HeapRegionSize                         = 1048576                                   {product} {ergonomic}
    uintx GCDrainStackTargetSize                   = 64                                        {product} {ergonomic}
   size_t InitialHeapSize                          = 123731968                                 {product} {ergonomic}
   size_t MarkStackSize                            = 4194304                                   {product} {ergonomic}
   size_t MaxHeapSize                              = 1973420032                                {product} {ergonomic}
   size_t MaxNewSize                               = 1183842304                                {product} {ergonomic}
   size_t MinHeapDeltaBytes                        = 1048576                                   {product} {ergonomic}
   size_t MinHeapSize                              = 8388608                                   {product} {ergonomic}
    uintx NonNMethodCodeHeapSize                   = 5839372                                {pd product} {ergonomic}
    uintx NonProfiledCodeHeapSize                  = 122909434                              {pd product} {ergonomic}
    uintx ProfiledCodeHeapSize                     = 122909434                              {pd product} {ergonomic}
    uintx ReservedCodeCacheSize                    = 251658240                              {pd product} {ergonomic}
     bool SegmentedCodeCache                       = true                                      {product} {ergonomic}
   size_t SoftMaxHeapSize                          = 1973420032                             {manageable} {ergonomic}
     bool UseCompressedClassPointers               = true                           {product lp64_product} {ergonomic}
     bool UseCompressedOops                        = true                           {product lp64_product} {ergonomic}
     bool UseG1GC                                  = true                                      {product} {ergonomic}
     bool UseLargePagesIndividualAllocation        = false                                  {pd product} {ergonomic}

Logging:
Log output configuration:
 #0: stdout all=warning uptime,level,tags
 #1: stderr all=off uptime,level,tags

Environment Variables:
PATH=C:\Program Files (x86)\Common Files\Oracle\Java\javapath;C:\Program Files\OpenLogic\jdk-11.0.20.8-hotspot\bin;C:\Program Files (x86)\NVIDIA Corporation\PhysX\Common;C:\ProgramData\Oracle\Java\javapath;C:\WINDOWS\system32;C:\WINDOWS;C:\WINDOWS\System32\Wbem;C:\WINDOWS\System32\WindowsPowerShell\v1.0\;C:\WINDOWS\System32\OpenSSH\;D:\Games\bin;C:\Windows\System32;D:\Games\Git\cmd;C:\Program Files (x86)\Windows Kits\8.1\Windows Performance Toolkit\;C:\Program Files\MySQL\MySQL Shell 8.0\bin\;C:\Users\Ruslan\AppData\Local\Microsoft\WindowsApps;C:\Users\Ruslan\AppData\Local\Programs\Microsoft VS Code\bin;D:\Games\IntelliJ IDEA Community Edition 2023.2.1\bin;"D:\DZ\3 course\2 semester\LFP\flutter\bin"
USERNAME=Ruslan
OS=Windows_NT
PROCESSOR_IDENTIFIER=AMD64 Family 23 Model 104 Stepping 1, AuthenticAMD
TMP=C:\Users\Ruslan\AppData\Local\Temp
TEMP=C:\Users\Ruslan\AppData\Local\Temp


JNI global refs:
JNI global refs: 11, weak refs: 7

JNI global refs memory usage: 843, weak refs: 841


---------------  S Y S T E M  ---------------

OS:
 Windows 10 , 64 bit Build 19041 (10.0.19041.3636)
OS uptime: 0 days 11:24 hours

CPU: total 12 (initial active 12) (12 cores per cpu, 2 threads per core) family 23 model 104 stepping 1 microcode 0x0, cx8, cmov, fxsr, ht, mmx, 3dnowpref, sse, sse2, sse3, ssse3, sse4a, sse4.1, sse4.2, popcnt, lzcnt, tsc, tscinvbit, avx, avx2, aes, clmul, bmi1, bmi2, adx, sha, fma, vzeroupper, clflush, clflushopt

Memory: 4k page, system-wide physical 7521M (488M free)
TotalPageFile size 14021M (AvailPageFile size 4M)
current process WorkingSet (physical memory assigned to process): 242M, peak: 242M
current process commit charge ("private bytes"): 282M, peak: 283M

vm_info: OpenJDK 64-Bit Server VM (17.0.6+0-b2043.56-10027231) for windows-amd64 JRE (17.0.6+0-b2043.56-10027231), built on Apr 28 2023 00:43:19 by "androidbuild" with MS VC++ 16.10 / 16.11 (VS2019)

END.
